<?xml version="1.0" encoding="UTF-8"?>
<!-- Generated by org.testng.reporters.JUnitReportReporter -->
<testsuite skipped="0" hostname="HKSJXH2" name="com.actitime.scripts.LoginTest" tests="2" failures="0" timestamp="2019-10-07T15:53:49 IST" time="12.050" errors="0">
  <testcase name="validLogin" time="7.864" classname="com.actitime.scripts.LoginTest"/>
  <testcase name="invalidLogin" time="4.186" classname="com.actitime.scripts.LoginTest"/>
</testsuite> <!-- com.actitime.scripts.LoginTest -->
