<?xml version="1.0" encoding="UTF-8"?>
<!-- Generated by org.testng.reporters.JUnitReportReporter -->
<testsuite skipped="0" hostname="HKSJXH2" name="com.actitime.scripts.TaskTest" tests="2" failures="0" timestamp="2019-10-07T15:53:49 IST" time="16.444" errors="0">
  <testcase name="createCustomer" time="9.444" classname="com.actitime.scripts.TaskTest"/>
  <testcase name="deleteCustomer" time="7.000" classname="com.actitime.scripts.TaskTest"/>
</testsuite> <!-- com.actitime.scripts.TaskTest -->
